1 ]=> (load "make")

Loading "/Glenn/wrk/stonehand/doc/rl/make.scm"
Syntax file: "/Glenn/wrk/stonehand/doc/rl/truetypedef.scm" "/Glenn/wrk/stonehand/doc/rl/truetypedef.bin" ()
    Read...
      Time taken: .109 (process time); .194 (real time)
    Syntax...
      Time taken: .032 (process time); .12 (real time)
    Transform...
      Time taken: .031 (process time); .099 (real time)
    Optimize...
      Time taken: .016 (process time); .098 (real time)
    Generate SCode...
      Time taken: 0. (process time); .094 (real time)
Dumping "/Glenn/wrk/stonehand/doc/rl/truetypedef.bin" -- done
Compile File: "/Glenn/wrk/stonehand/doc/rl/truetypedef.bin" => "/Glenn/wrk/stonehand/doc/rl/truetypedef.com"
Loading "/Glenn/wrk/stonehand/doc/rl/truetypedef.bin" -- done
Dumping "/Glenn/wrk/stonehand/doc/rl/truetypedef.binf" -- done
Dumping "/Glenn/wrk/stonehand/doc/rl/truetypedef.com" -- done
Syntax file: "/Glenn/wrk/stonehand/doc/rl/afmdef.scm" "/Glenn/wrk/stonehand/doc/rl/afmdef.bin" ()
    Read...
      Time taken: .781 (process time); 1.184 (real time)
    Syntax...
      Time taken: .173 (process time); .331 (real time)
    Transform...
      Time taken: .061 (process time); .136 (real time)
    Optimize...
      Time taken: .047 (process time); .137 (real time)
    Generate SCode...
      Time taken: .016 (process time); .11 (real time)
Dumping "/Glenn/wrk/stonehand/doc/rl/afmdef.bin" -- done
Compile File: "/Glenn/wrk/stonehand/doc/rl/afmdef.bin" => "/Glenn/wrk/stonehand/doc/rl/afmdef.com"
Loading "/Glenn/wrk/stonehand/doc/rl/afmdef.bin" -- done
    Compiling procedure: make-afm...
    Compiling procedure: make-afm-glyph...
Dumping "/Glenn/wrk/stonehand/doc/rl/afmdef.binf" -- done
Dumping "/Glenn/wrk/stonehand/doc/rl/afmdef.com" -- done
Syntax file: "/Glenn/wrk/stonehand/doc/rl/glyphdef.scm" "/Glenn/wrk/stonehand/doc/rl/glyphdef.bin" ()
    Read...
      Time taken: .219 (process time); .55 (real time)
    Syntax...
      Time taken: .093 (process time); .296 (real time)
    Transform...
      Time taken: .016 (process time); .216 (real time)
    Optimize...
      Time taken: .031 (process time); .215 (real time)
    Generate SCode...
      Time taken: .016 (process time); .224 (real time)
Dumping "/Glenn/wrk/stonehand/doc/rl/glyphdef.bin" -- done
Compile File: "/Glenn/wrk/stonehand/doc/rl/glyphdef.bin" => "/Glenn/wrk/stonehand/doc/rl/glyphdef.com"
Loading "/Glenn/wrk/stonehand/doc/rl/glyphdef.bin" -- done
Dumping "/Glenn/wrk/stonehand/doc/rl/glyphdef.binf" -- done
Dumping "/Glenn/wrk/stonehand/doc/rl/glyphdef.com" -- done
Syntax file: "/Glenn/wrk/stonehand/doc/rl/fontdef.scm" "/Glenn/wrk/stonehand/doc/rl/fontdef.bin" ()
    Read...
      Time taken: .593 (process time); .88 (real time)
    Syntax...
      Time taken: .126 (process time); .433 (real time)
    Transform...
      Time taken: .062 (process time); .293 (real time)
    Optimize...
      Time taken: .172 (process time); .43 (real time)
    Generate SCode...
      Time taken: .016 (process time); .285 (real time)
Dumping "/Glenn/wrk/stonehand/doc/rl/fontdef.bin" -- done
Compile File: "/Glenn/wrk/stonehand/doc/rl/fontdef.bin" => "/Glenn/wrk/stonehand/doc/rl/fontdef.com"
Loading "/Glenn/wrk/stonehand/doc/rl/fontdef.bin" -- done
    Compiling procedure: make-font-set...
    Compiling procedure: make-font-catalog...
Dumping "/Glenn/wrk/stonehand/doc/rl/fontdef.binf" -- done
Dumping "/Glenn/wrk/stonehand/doc/rl/fontdef.com" -- done
Syntax file: "/Glenn/wrk/stonehand/doc/rl/styledef.scm" "/Glenn/wrk/stonehand/doc/rl/styledef.bin" ()
    Read...
      Time taken: .141 (process time); .304 (real time)
    Syntax...
      Time taken: .047 (process time); .294 (real time)
    Transform...
      Time taken: .016 (process time); .267 (real time)
    Optimize...
      Time taken: .015 (process time); .264 (real time)
    Generate SCode...
      Time taken: .016 (process time); .262 (real time)
Dumping "/Glenn/wrk/stonehand/doc/rl/styledef.bin" -- done
Compile File: "/Glenn/wrk/stonehand/doc/rl/styledef.bin" => "/Glenn/wrk/stonehand/doc/rl/styledef.com"
Loading "/Glenn/wrk/stonehand/doc/rl/styledef.bin" -- done
Dumping "/Glenn/wrk/stonehand/doc/rl/styledef.binf" -- done
Dumping "/Glenn/wrk/stonehand/doc/rl/styledef.com" -- done
Syntax file: "/Glenn/wrk/stonehand/doc/rl/textdef.scm" "/Glenn/wrk/stonehand/doc/rl/textdef.bin" ()
    Read...
      Time taken: .172 (process time); .361 (real time)
    Syntax...
      Time taken: .047 (process time); .309 (real time)
    Transform...
      Time taken: .016 (process time); .269 (real time)
    Optimize...
      Time taken: .125 (process time); .353 (real time)
    Generate SCode...
      Time taken: 0. (process time); .26 (real time)
Dumping "/Glenn/wrk/stonehand/doc/rl/textdef.bin" -- done
Compile File: "/Glenn/wrk/stonehand/doc/rl/textdef.bin" => "/Glenn/wrk/stonehand/doc/rl/textdef.com"
Loading "/Glenn/wrk/stonehand/doc/rl/textdef.bin" -- done
Dumping "/Glenn/wrk/stonehand/doc/rl/textdef.binf" -- done
Dumping "/Glenn/wrk/stonehand/doc/rl/textdef.com" -- done
Syntax file: "/Glenn/wrk/stonehand/doc/rl/linedef.scm" "/Glenn/wrk/stonehand/doc/rl/linedef.bin" ()
    Read...
      Time taken: .328 (process time); .592 (real time)
    Syntax...
      Time taken: .064 (process time); .348 (real time)
    Transform...
      Time taken: .03 (process time); .247 (real time)
    Optimize...
      Time taken: .031 (process time); .273 (real time)
    Generate SCode...
      Time taken: .032 (process time); .236 (real time)
Dumping "/Glenn/wrk/stonehand/doc/rl/linedef.bin" -- done
Compile File: "/Glenn/wrk/stonehand/doc/rl/linedef.bin" => "/Glenn/wrk/stonehand/doc/rl/linedef.com"
Loading "/Glenn/wrk/stonehand/doc/rl/linedef.bin" -- done
    Compiling procedure: make-line...
Dumping "/Glenn/wrk/stonehand/doc/rl/linedef.binf" -- done
Dumping "/Glenn/wrk/stonehand/doc/rl/linedef.com" -- done
Syntax file: "/Glenn/wrk/stonehand/doc/rl/coldef.scm" "/Glenn/wrk/stonehand/doc/rl/coldef.bin" ()
    Read...
      Time taken: .391 (process time); .822 (real time)
    Syntax...
      Time taken: .156 (process time); .395 (real time)
    Transform...
      Time taken: .046 (process time); .288 (real time)
    Optimize...
      Time taken: .047 (process time); .264 (real time)
    Generate SCode...
      Time taken: .032 (process time); .244 (real time)
Dumping "/Glenn/wrk/stonehand/doc/rl/coldef.bin" -- done
Compile File: "/Glenn/wrk/stonehand/doc/rl/coldef.bin" => "/Glenn/wrk/stonehand/doc/rl/coldef.com"
Loading "/Glenn/wrk/stonehand/doc/rl/coldef.bin" -- done
    Compiling procedure: make-column...
    Compiling procedure: make-column-formatting...
Dumping "/Glenn/wrk/stonehand/doc/rl/coldef.binf" -- done
Dumping "/Glenn/wrk/stonehand/doc/rl/coldef.com" -- done
Syntax file: "/Glenn/wrk/stonehand/doc/rl/utf.scm" "/Glenn/wrk/stonehand/doc/rl/utf.bin" ()
    Read...
      Time taken: 1.343 (process time); 1.902 (real time)
    Syntax...
      Time taken: .188 (process time); .472 (real time)
    Transform...
      Time taken: .109 (process time); .33 (real time)
    Optimize...
      Time taken: .344 (process time); .631 (real time)
    Generate SCode...
      Time taken: .064 (process time); .284 (real time)
Dumping "/Glenn/wrk/stonehand/doc/rl/utf.bin" -- done
Compile File: "/Glenn/wrk/stonehand/doc/rl/utf.bin" => "/Glenn/wrk/stonehand/doc/rl/utf.com"
Loading "/Glenn/wrk/stonehand/doc/rl/utf.bin" -- done
    Compiling procedure: utf/char-length...
    Compiling procedure: utf/decode...
    Compiling procedure: utf/prefix-byte?...
    Compiling procedure: utf/find-next-prefix...
    Compiling procedure: utf/next...
    Compiling procedure: utf/find-prev-prefix...
    Compiling procedure: utf/prev...
    Compiling procedure: utf/ucs-length...
    Compiling procedure: utf->ucs...
    Compiling procedure: ucs/utf-char-length...
    Compiling procedure: ucs/encode...
    Compiling procedure: ucs/utf-length...
    Compiling procedure: ucs/length...
    Compiling procedure: ucs->utf...
Dumping "/Glenn/wrk/stonehand/doc/rl/utf.binf" -- done
Dumping "/Glenn/wrk/stonehand/doc/rl/utf.com" -- done
Syntax file: "/Glenn/wrk/stonehand/doc/rl/hbb.scm" "/Glenn/wrk/stonehand/doc/rl/hbb.bin" ()
    Read...
      Time taken: 2.218 (process time); 2.99 (real time)
    Syntax...
      Time taken: .438 (process time); .764 (real time)
    Transform...
      Time taken: .203 (process time); .418 (real time)
    Optimize...
      Time taken: .594 (process time); .909 (real time)
    Generate SCode...
      Time taken: .14 (process time); .314 (real time)
Dumping "/Glenn/wrk/stonehand/doc/rl/hbb.bin" -- done
Compile File: "/Glenn/wrk/stonehand/doc/rl/hbb.bin" => "/Glenn/wrk/stonehand/doc/rl/hbb.com"
Loading "/Glenn/wrk/stonehand/doc/rl/hbb.bin" -- done
    Compiling procedure: hbb-node/out-of-balance?...
    Compiling procedure: hbb-node/update!...
    Compiling procedure: hbb-node/rotate!...
    Compiling procedure: make-hbb...
    Compiling procedure: hbb/default-compare...
    Compiling procedure: hbb/get...
    Compiling procedure: hbb/descend-recording...
    Compiling procedure: hbb/put-restructure!...
    Compiling procedure: hbb/put!...
    Compiling procedure: hbb/clear-restructure!...
    Compiling procedure: hbb/clear-replace!...
    Compiling procedure: hbb/clear-delete!...
    Compiling procedure: hbb/clear!...
    Compiling procedure: hbb/for-each...
Dumping "/Glenn/wrk/stonehand/doc/rl/hbb.binf" -- done
Dumping "/Glenn/wrk/stonehand/doc/rl/hbb.com" -- done
Syntax file: "/Glenn/wrk/stonehand/doc/rl/bindings.scm" "/Glenn/wrk/stonehand/doc/rl/bindings.bin" ()
    Read...
      Time taken: .25 (process time); .479 (real time)
    Syntax...
      Time taken: .079 (process time); .301 (real time)
    Transform...
      Time taken: .046 (process time); .245 (real time)
    Optimize...
      Time taken: .11 (process time); .378 (real time)
    Generate SCode...
      Time taken: .015 (process time); .234 (real time)
Dumping "/Glenn/wrk/stonehand/doc/rl/bindings.bin" -- done
Compile File: "/Glenn/wrk/stonehand/doc/rl/bindings.bin" => "/Glenn/wrk/stonehand/doc/rl/bindings.com"
Loading "/Glenn/wrk/stonehand/doc/rl/bindings.bin" -- done
    Compiling procedure: make-bindings...
    Compiling procedure: bindings/empty?...
    Compiling procedure: bindings/bound?...
    Compiling procedure: bindings/extend!...
    Compiling procedure: bindings/lookup...
    Compiling procedure: bindings/assign!...
    Compiling procedure: bindings/unassign!...
    Compiling procedure: bindings/for-each...
Dumping "/Glenn/wrk/stonehand/doc/rl/bindings.binf" -- done
Dumping "/Glenn/wrk/stonehand/doc/rl/bindings.com" -- done
Syntax file: "/Glenn/wrk/stonehand/doc/rl/misc.scm" "/Glenn/wrk/stonehand/doc/rl/misc.bin" ()
    Read...
      Time taken: 1.219 (process time); 1.916 (real time)
    Syntax...
      Time taken: .343 (process time); .567 (real time)
    Transform...
      Time taken: .125 (process time); .353 (real time)
    Optimize...
Warning: Unreferenced bound variable: position (string-input-port/set-position)
      Time taken: .328 (process time); .714 (real time)
    Generate SCode...
      Time taken: .078 (process time); .275 (real time)
Dumping "/Glenn/wrk/stonehand/doc/rl/misc.bin" -- done
Compile File: "/Glenn/wrk/stonehand/doc/rl/misc.bin" => "/Glenn/wrk/stonehand/doc/rl/misc.com"
Loading "/Glenn/wrk/stonehand/doc/rl/misc.bin" -- done
    Compiling procedure: filename->tail...
    Compiling procedure: round-up...
    Compiling procedure: in->pt...
    Compiling procedure: pt->in...
    Compiling procedure: pt->upt...
    Compiling procedure: upt->pt...
    Compiling procedure: string-output-port/position...
    Compiling procedure: file-output-port/position...
    Compiling procedure: output-port/position...
    Compiling procedure: string-input-port/position...
    Compiling procedure: file-input-port/position...
    Compiling procedure: input-port/position...
    Compiling procedure: string-input-port/set-position...
    Compiling procedure: file-input-port/set-position...
    Compiling procedure: input-port/set-position...
    Compiling procedure: write-16...
    Compiling procedure: read-16...
    Compiling procedure: number-parts...
    Compiling procedure: write-16.16...
    Compiling procedure: read-16.16...
    Compiling procedure: write-32...
    Compiling procedure: read-32...
Dumping "/Glenn/wrk/stonehand/doc/rl/misc.binf" -- done
Dumping "/Glenn/wrk/stonehand/doc/rl/misc.com" -- done
Syntax file: "/Glenn/wrk/stonehand/doc/rl/graphprim.scm" "/Glenn/wrk/stonehand/doc/rl/graphprim.bin" ()
    Read...
      Time taken: .969 (process time); 1.472 (real time)
    Syntax...
      Time taken: .141 (process time); .383 (real time)
    Transform...
      Time taken: .094 (process time); .298 (real time)
    Optimize...
      Time taken: .187 (process time); .45 (real time)
    Generate SCode...
      Time taken: .063 (process time); .247 (real time)
Dumping "/Glenn/wrk/stonehand/doc/rl/graphprim.bin" -- done
Compile File: "/Glenn/wrk/stonehand/doc/rl/graphprim.bin" => "/Glenn/wrk/stonehand/doc/rl/graphprim.com"
Loading "/Glenn/wrk/stonehand/doc/rl/graphprim.bin" -- done
    Compiling procedure: point/copy...
    Compiling procedure: point/add...
    Compiling procedure: point/difference...
    Compiling procedure: point/left?...
    Compiling procedure: point/right?...
    Compiling procedure: point/above?...
    Compiling procedure: point/below?...
    Compiling procedure: point/scale...
    Compiling procedure: make-empty-rect...
    Compiling procedure: rect->list...
    Compiling procedure: rect/origin-x...
    Compiling procedure: rect/origin-y...
    Compiling procedure: rect/width...
    Compiling procedure: rect/height...
    Compiling procedure: rect/empty?...
    Compiling procedure: rect/translate...
    Compiling procedure: rect/scale...
    Compiling procedure: rect/subset-of?...
    Compiling procedure: make-identity-xfrm...
    Compiling procedure: xfrm/translate...
    Compiling procedure: xfrm/scale...
    Compiling procedure: xfrm/rotate...
    Compiling procedure: xfrm/concat...
Dumping "/Glenn/wrk/stonehand/doc/rl/graphprim.binf" -- done
Dumping "/Glenn/wrk/stonehand/doc/rl/graphprim.com" -- done
Syntax file: "/Glenn/wrk/stonehand/doc/rl/truetype.scm" "/Glenn/wrk/stonehand/doc/rl/truetype.bin" ()
    Read...
      Time taken: .391 (process time); .594 (real time)
    Syntax...
      Time taken: .125 (process time); .309 (real time)
    Transform...
      Time taken: .062 (process time); .268 (real time)
    Optimize...
      Time taken: .142 (process time); .447 (real time)
    Generate SCode...
      Time taken: .03 (process time); .227 (real time)
Dumping "/Glenn/wrk/stonehand/doc/rl/truetype.bin" -- done
Compile File: "/Glenn/wrk/stonehand/doc/rl/truetype.bin" => "/Glenn/wrk/stonehand/doc/rl/truetype.com"
Loading "/Glenn/wrk/stonehand/doc/rl/truetype.bin" -- done
    Compiling procedure: lookup-table/compile-segment...
    Compiling procedure: lookup-table/compile-segment-single...
    Compiling procedure: lookup-table/compile...
    Compiling procedure: lookup-table/lookup-segment-single...
    Compiling procedure: lookup-table/lookup...
Dumping "/Glenn/wrk/stonehand/doc/rl/truetype.binf" -- done
Dumping "/Glenn/wrk/stonehand/doc/rl/truetype.com" -- done
Syntax file: "/Glenn/wrk/stonehand/doc/rl/baghdad.scm" "/Glenn/wrk/stonehand/doc/rl/baghdad.bin" ()
    Read...
      Time taken: .25 (process time); .536 (real time)
    Syntax...
      Time taken: .015 (process time); .241 (real time)
    Transform...
      Time taken: .063 (process time); .205 (real time)
    Optimize...
      Time taken: 0. (process time); .209 (real time)
    Generate SCode...
      Time taken: .015 (process time); .224 (real time)
Dumping "/Glenn/wrk/stonehand/doc/rl/baghdad.bin" -- done
Compile File: "/Glenn/wrk/stonehand/doc/rl/baghdad.bin" => "/Glenn/wrk/stonehand/doc/rl/baghdad.com"
Loading "/Glenn/wrk/stonehand/doc/rl/baghdad.bin" -- done
Dumping "/Glenn/wrk/stonehand/doc/rl/baghdad.binf" -- done
Dumping "/Glenn/wrk/stonehand/doc/rl/baghdad.com" -- done
Syntax file: "/Glenn/wrk/stonehand/doc/rl/postscript.scm" "/Glenn/wrk/stonehand/doc/rl/postscript.bin" ()
    Read...
      Time taken: 1.5 (process time); 2.099 (real time)
    Syntax...
      Time taken: .36 (process time); .579 (real time)
    Transform...
      Time taken: .187 (process time); .372 (real time)
    Optimize...
      Time taken: .281 (process time); .644 (real time)
    Generate SCode...
      Time taken: .094 (process time); .276 (real time)
Dumping "/Glenn/wrk/stonehand/doc/rl/postscript.bin" -- done
Compile File: "/Glenn/wrk/stonehand/doc/rl/postscript.bin" => "/Glenn/wrk/stonehand/doc/rl/postscript.com"
Loading "/Glenn/wrk/stonehand/doc/rl/postscript.bin" -- done
    Compiling procedure: ps/dispatch...
    Compiling procedure: ps/send...
    Compiling procedure: ps/open...
    Compiling procedure: ps/close...
    Compiling procedure: ps/bbox...
    Compiling procedure: ps/push-xfrm!...
    Compiling procedure: ps/pop-xfrm!...
    Compiling procedure: ps/set-point!...
    Compiling procedure: ps/set-color!...
    Compiling procedure: ps/set-line-style!...
    Compiling procedure: ps/draw-rectangle...
    Compiling procedure: ps/fill-rectangle...
    Compiling procedure: ps/clear-rectangle...
    Compiling procedure: ps/draw-grid...
    Compiling procedure: ps/draw-crosshair...
    Compiling procedure: ps/make-font!...
    Compiling procedure: ps/set-font!...
    Compiling procedure: ps/show-glyphs!...
    Compiling procedure: string->vector...
    Compiling procedure: ps/show-glyph-string!...
    Compiling procedure: ps/fonts...
Dumping "/Glenn/wrk/stonehand/doc/rl/postscript.binf" -- done
Dumping "/Glenn/wrk/stonehand/doc/rl/postscript.com" -- done
Syntax file: "/Glenn/wrk/stonehand/doc/rl/afm.scm" "/Glenn/wrk/stonehand/doc/rl/afm.bin" ()
    Read...
      Time taken: 1.328 (process time); 2.151 (real time)
    Syntax...
      Time taken: .422 (process time); .64 (real time)
    Transform...
      Time taken: .25 (process time); .459 (real time)
    Optimize...
      Time taken: .625 (process time); .949 (real time)
    Generate SCode...
      Time taken: .109 (process time); .303 (real time)
Dumping "/Glenn/wrk/stonehand/doc/rl/afm.bin" -- done
Compile File: "/Glenn/wrk/stonehand/doc/rl/afm.bin" => "/Glenn/wrk/stonehand/doc/rl/afm.com"
Loading "/Glenn/wrk/stonehand/doc/rl/afm.bin" -- done
    Compiling procedure: afm-cache/load-afm-table...
    Compiling procedure: afm-cache/load...
    Compiling procedure: afm-cache/preload...
    Compiling procedure: afm-cache/lookup...
    Compiling procedure: afm-cache/for-each...
    Compiling procedure: afm/extract-style...
    Compiling procedure: afm/font-spec...
    Compiling procedure: afm/load-glyphs...
    Compiling procedure: afm/load-afm-glyphs...
    Compiling procedure: afm/glyph-metrics...
    Compiling procedure: afm/glyph-complement...
    Compiling procedure: afm/extended-metrics...
    Compiling procedure: afm/writing-systems...
Dumping "/Glenn/wrk/stonehand/doc/rl/afm.binf" -- done
Dumping "/Glenn/wrk/stonehand/doc/rl/afm.com" -- done
Syntax file: "/Glenn/wrk/stonehand/doc/rl/charset.scm" "/Glenn/wrk/stonehand/doc/rl/charset.bin" ()
    Read...
      Time taken: .125 (process time); .274 (real time)
    Syntax...
      Time taken: .015 (process time); .221 (real time)
    Transform...
      Time taken: .032 (process time); .208 (real time)
    Optimize...
      Time taken: .015 (process time); .214 (real time)
    Generate SCode...
      Time taken: .016 (process time); .207 (real time)
Dumping "/Glenn/wrk/stonehand/doc/rl/charset.bin" -- done
Compile File: "/Glenn/wrk/stonehand/doc/rl/charset.bin" => "/Glenn/wrk/stonehand/doc/rl/charset.com"
Loading "/Glenn/wrk/stonehand/doc/rl/charset.bin" -- done
    Compiling procedure: make-cset...
    Compiling procedure: cset/empty...
    Compiling procedure: cset/whitespace...
    Compiling procedure: cset/paragraph-boundaries...
    Compiling procedure: cset/empty?...
    Compiling procedure: cset/member?...
Dumping "/Glenn/wrk/stonehand/doc/rl/charset.binf" -- done
Dumping "/Glenn/wrk/stonehand/doc/rl/charset.com" -- done
Syntax file: "/Glenn/wrk/stonehand/doc/rl/glyph.scm" "/Glenn/wrk/stonehand/doc/rl/glyph.bin" ()
    Read...
      Time taken: .344 (process time); .615 (real time)
    Syntax...
      Time taken: .094 (process time); .295 (real time)
    Transform...
      Time taken: .031 (process time); .238 (real time)
    Optimize...
      Time taken: .125 (process time); .39 (real time)
    Generate SCode...
      Time taken: .016 (process time); .241 (real time)
Dumping "/Glenn/wrk/stonehand/doc/rl/glyph.bin" -- done
Compile File: "/Glenn/wrk/stonehand/doc/rl/glyph.bin" => "/Glenn/wrk/stonehand/doc/rl/glyph.com"
Loading "/Glenn/wrk/stonehand/doc/rl/glyph.bin" -- done
    Compiling procedure: glyph-metrics/x-escapement...
    Compiling procedure: glyph-metrics/y-escapement...
    Compiling procedure: glyph-metrics/whitespace?...
    Compiling procedure: glyph-stream/length...
    Compiling procedure: glyph-stream/set-length!...
    Compiling procedure: glyph-stream/rewind...
    Compiling procedure: glyph-stream/read...
    Compiling procedure: glyph-stream/unread...
    Compiling procedure: glyph-stream/write...
    Compiling procedure: glyph-stream/dump...
Dumping "/Glenn/wrk/stonehand/doc/rl/glyph.binf" -- done
Dumping "/Glenn/wrk/stonehand/doc/rl/glyph.com" -- done
Syntax file: "/Glenn/wrk/stonehand/doc/rl/font.scm" "/Glenn/wrk/stonehand/doc/rl/font.bin" ()
    Read...
      Time taken: 3.39 (process time); 4.551 (real time)
    Syntax...
      Time taken: .532 (process time); .966 (real time)
    Transform...
      Time taken: .375 (process time); .593 (real time)
    Optimize...
      Time taken: .624 (process time); 1.098 (real time)
    Generate SCode...
      Time taken: .156 (process time); .366 (real time)
Dumping "/Glenn/wrk/stonehand/doc/rl/font.bin" -- done
Compile File: "/Glenn/wrk/stonehand/doc/rl/font.bin" => "/Glenn/wrk/stonehand/doc/rl/font.com"
Loading "/Glenn/wrk/stonehand/doc/rl/font.bin" -- done
    Compiling procedure: parse-font-spec-size...
    Compiling procedure: font-spec/hash-mod...
    Compiling procedure: family/equal?...
    Compiling procedure: face-style/register-named-value...
    Compiling procedure: face-style/lookup-named-value...
    Compiling procedure: face-style/register...
    Compiling procedure: face-style/lookup...
    Compiling procedure: face-style-elt-pair?...
    Compiling procedure: face-style-elt?...
    Compiling procedure: face-style-elt/equal?...
    Compiling procedure: face/style-list?...
    Compiling procedure: face/style-equal?...
    Compiling procedure: face/equal?...
    Compiling procedure: face/style...
    Compiling procedure: face-style/unifies?...
    Compiling procedure: face/unify?...
    Compiling procedure: face/unification...
    Compiling procedure: face/canonicalize...
    Compiling procedure: font-spec/equal?...
    Compiling procedure: font-spec/canonicalize...
    Compiling procedure: font-spec/intern...
    Compiling procedure: font-spec/match...
    Compiling procedure: font-spec/unification...
    Compiling procedure: register-named-style-values...
    Compiling procedure: register-styles...
    Compiling procedure: font/map...
    Compiling procedure: font-set/font-spec...
    Compiling procedure: font-set/extend!...
    Compiling procedure: font-set/map...
    Compiling procedure: font-catalog/compute-families...
    Compiling procedure: font-catalog/families...
    Compiling procedure: font-catalog/family-names...
    Compiling procedure: font-catalog/family/faces...
    Compiling procedure: font-catalog/lookup...
    Compiling procedure: font-catalog/extend!...
Dumping "/Glenn/wrk/stonehand/doc/rl/font.binf" -- done
Dumping "/Glenn/wrk/stonehand/doc/rl/font.com" -- done
Syntax file: "/Glenn/wrk/stonehand/doc/rl/style.scm" "/Glenn/wrk/stonehand/doc/rl/style.bin" ()
    Read...
      Time taken: .376 (process time); .642 (real time)
    Syntax...
      Time taken: .046 (process time); .3 (real time)
    Transform...
      Time taken: .032 (process time); .231 (real time)
    Optimize...
      Time taken: .453 (process time); .683 (real time)
    Generate SCode...
      Time taken: .047 (process time); .238 (real time)
Dumping "/Glenn/wrk/stonehand/doc/rl/style.bin" -- done
Compile File: "/Glenn/wrk/stonehand/doc/rl/style.bin" => "/Glenn/wrk/stonehand/doc/rl/style.com"
Loading "/Glenn/wrk/stonehand/doc/rl/style.bin" -- done
    Compiling procedure: style/put!...
    Compiling procedure: style/get...
    Compiling procedure: style-catalog/lookup...
    Compiling procedure: style-catalog/lookup-by-pname...
    Compiling procedure: style-catalog/register!...
    Compiling procedure: style-catalog/new...
    Compiling procedure: style/font...
    Compiling procedure: style/set-font!...
Dumping "/Glenn/wrk/stonehand/doc/rl/style.binf" -- done
Dumping "/Glenn/wrk/stonehand/doc/rl/style.com" -- done
Syntax file: "/Glenn/wrk/stonehand/doc/rl/text.scm" "/Glenn/wrk/stonehand/doc/rl/text.bin" ()
    Read...
      Time taken: 3.921 (process time); 5.141 (real time)
    Syntax...
      Time taken: .89 (process time); 1.256 (real time)
    Transform...
      Time taken: .36 (process time); .623 (real time)
    Optimize...
      Time taken: .796 (process time); 1.234 (real time)
    Generate SCode...
      Time taken: .188 (process time); .385 (real time)
Dumping "/Glenn/wrk/stonehand/doc/rl/text.bin" -- done
Compile File: "/Glenn/wrk/stonehand/doc/rl/text.bin" => "/Glenn/wrk/stonehand/doc/rl/text.com"
Loading "/Glenn/wrk/stonehand/doc/rl/text.bin" -- done
    Compiling procedure: make-text...
    Compiling procedure: text/length...
    Compiling procedure: text/point...
    Compiling procedure: text/set-point!...
    Compiling procedure: text/insert!...
    Compiling procedure: text/delete!...
    Compiling procedure: text/clear!...
    Compiling procedure: text/replace!...
    Compiling procedure: text/extract...
    Compiling procedure: text/search-forward-positive...
    Compiling procedure: text/search-forward-negative...
    Compiling procedure: text/grow-gap!...
    Compiling procedure: text/move-gap!...
    Compiling procedure: text/adjust-gap!...
    Compiling procedure: compare-markers...
    Compiling procedure: text/set-marker!...
    Compiling procedure: text/clear-marker!...
    Compiling procedure: text/clear-markers!...
    Compiling procedure: text/clear-all-markers!...
    Compiling procedure: text/get-marker...
    Compiling procedure: text/for-each-marker...
    Compiling procedure: text/set-interval!...
    Compiling procedure: text/clear-interval!...
    Compiling procedure: text/clear-intervals!...
    Compiling procedure: text/get-interval...
    Compiling procedure: text/for-each-interval...
    Compiling procedure: text/defaults-marker?...
    Compiling procedure: text/set-default!...
    Compiling procedure: text/clear-default!...
    Compiling procedure: text/clear-defaults!...
    Compiling procedure: text/get-default...
    Compiling procedure: text/set-default-writing-system!...
    Compiling procedure: text/default-writing-system...
    Compiling procedure: text/set-writing-system!...
    Compiling procedure: text/writing-system...
    Compiling procedure: remove-subsequent-duplicates...
    Compiling procedure: text/writing-systems...
    Compiling procedure: text/set-default-style!...
    Compiling procedure: text/default-style...
    Compiling procedure: text/set-style!...
    Compiling procedure: text/style...
    Compiling procedure: text/styles...
Dumping "/Glenn/wrk/stonehand/doc/rl/text.binf" -- done
Dumping "/Glenn/wrk/stonehand/doc/rl/text.com" -- done
Syntax file: "/Glenn/wrk/stonehand/doc/rl/decomp.scm" "/Glenn/wrk/stonehand/doc/rl/decomp.bin" ()
    Read...
      Time taken: 3.735 (process time); 4.602 (real time)
    Syntax...
      Time taken: .046 (process time); .238 (real time)
    Transform...
      Time taken: .016 (process time); .218 (real time)
    Optimize...
      Time taken: .047 (process time); .225 (real time)
    Generate SCode...
      Time taken: .016 (process time); .213 (real time)
Dumping "/Glenn/wrk/stonehand/doc/rl/decomp.bin" -- done
Compile File: "/Glenn/wrk/stonehand/doc/rl/decomp.bin" => "/Glenn/wrk/stonehand/doc/rl/decomp.com"
Loading "/Glenn/wrk/stonehand/doc/rl/decomp.bin" -- done
    Compiling procedure: decomp/get...
Dumping "/Glenn/wrk/stonehand/doc/rl/decomp.binf" -- done
Dumping "/Glenn/wrk/stonehand/doc/rl/decomp.com" -- done
Syntax file: "/Glenn/wrk/stonehand/doc/rl/nsm.scm" "/Glenn/wrk/stonehand/doc/rl/nsm.bin" ()
    Read...
      Time taken: .516 (process time); .823 (real time)
    Syntax...
      Time taken: .015 (process time); .238 (real time)
    Transform...
      Time taken: .016 (process time); .213 (real time)
    Optimize...
      Time taken: .031 (process time); .223 (real time)
    Generate SCode...
      Time taken: .031 (process time); .21 (real time)
Dumping "/Glenn/wrk/stonehand/doc/rl/nsm.bin" -- done
Compile File: "/Glenn/wrk/stonehand/doc/rl/nsm.bin" => "/Glenn/wrk/stonehand/doc/rl/nsm.com"
Loading "/Glenn/wrk/stonehand/doc/rl/nsm.bin" -- done
    Compiling procedure: nsm?...
Dumping "/Glenn/wrk/stonehand/doc/rl/nsm.binf" -- done
Dumping "/Glenn/wrk/stonehand/doc/rl/nsm.com" -- done
Syntax file: "/Glenn/wrk/stonehand/doc/rl/render.scm" "/Glenn/wrk/stonehand/doc/rl/render.bin" ()
    Read...
      Time taken: .624 (process time); .93 (real time)
    Syntax...
      Time taken: .125 (process time); .368 (real time)
    Transform...
      Time taken: .094 (process time); .271 (real time)
    Optimize...
      Time taken: .203 (process time); .486 (real time)
    Generate SCode...
      Time taken: .032 (process time); .237 (real time)
Dumping "/Glenn/wrk/stonehand/doc/rl/render.bin" -- done
Compile File: "/Glenn/wrk/stonehand/doc/rl/render.bin" => "/Glenn/wrk/stonehand/doc/rl/render.com"
Loading "/Glenn/wrk/stonehand/doc/rl/render.bin" -- done
    Compiling procedure: decompose-code-elt...
    Compiling procedure: decompose...
    Compiling procedure: reorder...
    Compiling procedure: select...
    Compiling procedure: compose...
    Compiling procedure: attach...
    Compiling procedure: text/render...
Dumping "/Glenn/wrk/stonehand/doc/rl/render.binf" -- done
Dumping "/Glenn/wrk/stonehand/doc/rl/render.com" -- done
Syntax file: "/Glenn/wrk/stonehand/doc/rl/line.scm" "/Glenn/wrk/stonehand/doc/rl/line.bin" ()
    Read...
      Time taken: 1.063 (process time); 1.458 (real time)
    Syntax...
      Time taken: .218 (process time); .489 (real time)
    Transform...
      Time taken: .172 (process time); .356 (real time)
    Optimize...
      Time taken: .5 (process time); .797 (real time)
    Generate SCode...
      Time taken: .079 (process time); .263 (real time)
Dumping "/Glenn/wrk/stonehand/doc/rl/line.bin" -- done
Compile File: "/Glenn/wrk/stonehand/doc/rl/line.bin" => "/Glenn/wrk/stonehand/doc/rl/line.com"
Loading "/Glenn/wrk/stonehand/doc/rl/line.bin" -- done
    Compiling procedure: line/text-end...
    Compiling procedure: line/escapement...
    Compiling procedure: line/move...
    Compiling procedure: line/indent...
    Compiling procedure: line/redisplay...
    Compiling procedure: line/set-baseline-and-bbox!...
    Compiling procedure: line/update-text-indices!...
    Compiling procedure: line/layout...
Dumping "/Glenn/wrk/stonehand/doc/rl/line.binf" -- done
Dumping "/Glenn/wrk/stonehand/doc/rl/line.com" -- done
Syntax file: "/Glenn/wrk/stonehand/doc/rl/column.scm" "/Glenn/wrk/stonehand/doc/rl/column.bin" ()
    Read...
      Time taken: 1.187 (process time); 1.585 (real time)
    Syntax...
      Time taken: .25 (process time); .484 (real time)
    Transform...
      Time taken: .156 (process time); .356 (real time)
    Optimize...
      Time taken: .141 (process time); .372 (real time)
    Generate SCode...
      Time taken: .062 (process time); .264 (real time)
Dumping "/Glenn/wrk/stonehand/doc/rl/column.bin" -- done
Compile File: "/Glenn/wrk/stonehand/doc/rl/column.bin" => "/Glenn/wrk/stonehand/doc/rl/column.com"
Loading "/Glenn/wrk/stonehand/doc/rl/column.bin" -- done
    Compiling procedure: column/text-end...
    Compiling procedure: make-standard-single...
    Compiling procedure: make-standard-double...
    Compiling procedure: make-columns...
    Compiling procedure: column/device...
    Compiling procedure: column/bbox...
    Compiling procedure: column/redisplay...
    Compiling procedure: column/refresh...
    Compiling procedure: column/format...
    Compiling procedure: column/layout-length...
    Compiling procedure: column/line-within-column?...
    Compiling procedure: column/layout...
    Compiling procedure: column/find-line...
Dumping "/Glenn/wrk/stonehand/doc/rl/column.binf" -- done
Dumping "/Glenn/wrk/stonehand/doc/rl/column.com" -- done -- done
;No value

1 ]=> (exit)

Kill Scheme (y or n)? Yes
Moriturus te saluto.
495.0u 79.5s 11:21.02 84.3% 0+0k 294+270io 0pf+0w
[glenn@trubetzkoy:1] 
